0 info it worked if it ends with ok
1 verbose cli [ 'C:\\Program Files\\nodejs\\node.exe',
1 verbose cli   'C:\\Program Files\\nodejs\\node_modules\\npm\\bin\\npm-cli.js',
1 verbose cli   'install',
1 verbose cli   'gulp-bootstrap',
1 verbose cli   '—save-dev' ]
2 info using npm@4.0.5
3 info using node@v7.4.0
4 verbose config Skipping project config: C:\Users\Bethann/.npmrc. (matches userconfig)
5 silly loadCurrentTree Starting
6 silly install loadCurrentTree
7 silly install readLocalPackageData
8 silly fetchPackageMetaData gulp-bootstrap
9 silly fetchPackageMetaData —save-dev
10 silly fetchNamedPackageData gulp-bootstrap
11 silly mapToRegistry name gulp-bootstrap
12 silly mapToRegistry using default registry
13 silly mapToRegistry registry https://registry.npmjs.org/
14 silly mapToRegistry data Result {
14 silly mapToRegistry   raw: 'gulp-bootstrap',
14 silly mapToRegistry   scope: null,
14 silly mapToRegistry   escapedName: 'gulp-bootstrap',
14 silly mapToRegistry   name: 'gulp-bootstrap',
14 silly mapToRegistry   rawSpec: '',
14 silly mapToRegistry   spec: 'latest',
14 silly mapToRegistry   type: 'tag' }
15 silly mapToRegistry uri https://registry.npmjs.org/gulp-bootstrap
16 silly fetchOtherPackageData —save-dev
17 silly cache add args [ '—save-dev', null ]
18 verbose cache add spec —save-dev
19 verbose request uri https://registry.npmjs.org/gulp-bootstrap
20 verbose request no auth needed
21 info attempt registry request try #1 at 12:57:54 PM
22 verbose request id 69a1384e7862f1b6
23 http request GET https://registry.npmjs.org/gulp-bootstrap
24 info retry will retry, error on last attempt: TypeError: The header content contains invalid characters
25 silly cache add parsed spec Result {
25 silly cache add   raw: '—save-dev',
25 silly cache add   scope: null,
25 silly cache add   escapedName: null,
25 silly cache add   name: null,
25 silly cache add   rawSpec: '—save-dev',
25 silly cache add   spec: 'C:\\Users\\Bethann\\Desktop\\Gallery Demo\\—save-dev',
25 silly cache add   type: 'local' }
26 error addLocal Could not install C:\Users\Bethann\Desktop\Gallery Demo\—save-dev
27 silly fetchPackageMetaData Error: ENOENT: no such file or directory, open 'C:\Users\Bethann\Desktop\Gallery Demo\—save-dev'
27 silly fetchPackageMetaData  error for —save-dev { Error: ENOENT: no such file or directory, open 'C:\Users\Bethann\Desktop\Gallery Demo\—save-dev'
27 silly fetchPackageMetaData   errno: -4058,
27 silly fetchPackageMetaData   code: 'ENOENT',
27 silly fetchPackageMetaData   syscall: 'open',
27 silly fetchPackageMetaData   path: 'C:\\Users\\Bethann\\Desktop\\Gallery Demo\\—save-dev' }
28 info attempt registry request try #2 at 12:58:04 PM
29 http request GET https://registry.npmjs.org/gulp-bootstrap
30 info retry will retry, error on last attempt: TypeError: The header content contains invalid characters
31 info attempt registry request try #3 at 12:59:04 PM
32 http request GET https://registry.npmjs.org/gulp-bootstrap
33 silly fetchPackageMetaData TypeError: The header content contains invalid characters
33 silly fetchPackageMetaData     at ClientRequest.setHeader (_http_outgoing.js:370:11)
33 silly fetchPackageMetaData     at new ClientRequest (_http_client.js:85:14)
33 silly fetchPackageMetaData     at Object.request (http.js:26:10)
33 silly fetchPackageMetaData     at Object.request (https.js:199:15)
33 silly fetchPackageMetaData     at Request.start (C:\Program Files\nodejs\node_modules\npm\node_modules\request\request.js:744:32)
33 silly fetchPackageMetaData     at Request.end (C:\Program Files\nodejs\node_modules\npm\node_modules\request\request.js:1435:10)
33 silly fetchPackageMetaData     at end (C:\Program Files\nodejs\node_modules\npm\node_modules\request\request.js:566:14)
33 silly fetchPackageMetaData     at Immediate.<anonymous> (C:\Program Files\nodejs\node_modules\npm\node_modules\request\request.js:580:7)
33 silly fetchPackageMetaData     at runCallback (timers.js:651:20)
33 silly fetchPackageMetaData     at tryOnImmediate (timers.js:624:5)
33 silly fetchPackageMetaData  error for gulp-bootstrap TypeError: The header content contains invalid characters
33 silly fetchPackageMetaData     at ClientRequest.setHeader (_http_outgoing.js:370:11)
33 silly fetchPackageMetaData     at new ClientRequest (_http_client.js:85:14)
33 silly fetchPackageMetaData     at Object.request (http.js:26:10)
33 silly fetchPackageMetaData     at Object.request (https.js:199:15)
33 silly fetchPackageMetaData     at Request.start (C:\Program Files\nodejs\node_modules\npm\node_modules\request\request.js:744:32)
33 silly fetchPackageMetaData     at Request.end (C:\Program Files\nodejs\node_modules\npm\node_modules\request\request.js:1435:10)
33 silly fetchPackageMetaData     at end (C:\Program Files\nodejs\node_modules\npm\node_modules\request\request.js:566:14)
33 silly fetchPackageMetaData     at Immediate.<anonymous> (C:\Program Files\nodejs\node_modules\npm\node_modules\request\request.js:580:7)
33 silly fetchPackageMetaData     at runCallback (timers.js:651:20)
33 silly fetchPackageMetaData     at tryOnImmediate (timers.js:624:5)
34 silly rollbackFailedOptional Starting
35 silly rollbackFailedOptional Finishing
36 silly runTopLevelLifecycles Finishing
37 silly install printInstalled
38 verbose stack Error: ENOENT: no such file or directory, open 'C:\Users\Bethann\Desktop\Gallery Demo\—save-dev'
39 verbose cwd C:\Users\Bethann\Desktop\Gallery Demo
40 error Windows_NT 10.0.14393
41 error argv "C:\\Program Files\\nodejs\\node.exe" "C:\\Program Files\\nodejs\\node_modules\\npm\\bin\\npm-cli.js" "install" "gulp-bootstrap" "—save-dev"
42 error node v7.4.0
43 error npm  v4.0.5
44 error path C:\Users\Bethann\Desktop\Gallery Demo\—save-dev
45 error code ENOENT
46 error errno -4058
47 error syscall open
48 error enoent ENOENT: no such file or directory, open 'C:\Users\Bethann\Desktop\Gallery Demo\—save-dev'
49 error enoent ENOENT: no such file or directory, open 'C:\Users\Bethann\Desktop\Gallery Demo\—save-dev'
49 error enoent This is most likely not a problem with npm itself
49 error enoent and is related to npm not being able to find a file.
50 verbose exit [ -4058, true ]
